<?xml version="1.0" encoding="UTF-8"?>
<beans xmlns="http://www.springframework.org/schema/beans"
       xmlns:xsi="http://www.w3.org/2001/XMLSchema-instance"
       xmlns:context="http://www.springframework.org/schema/context"
       xmlns:aop="http://www.springframework.org/schema/aop"
       xmlns:tx="http://www.springframework.org/schema/tx"
       xsi:schemaLocation="
       http://www.springframework.org/schema/beans
       http://www.springframework.org/schema/beans/spring-beans-3.1.xsd
       http://www.springframework.org/schema/context
       http://www.springframework.org/schema/context/spring-context.xsd
       http://www.springframework.org/schema/tx
       http://www.springframework.org/schema/tx/spring-tx.xsd
       http://www.springframework.org/schema/aop
       http://www.springframework.org/schema/aop/spring-aop-3.1.xsd">

    <import resource="test-security-context.xml"/>

    <context:spring-configured/>
    <context:annotation-config/>
    <aop:aspectj-autoproxy/>
    <context:component-scan base-package="se.sb.epsos.web"/>
    <tx:annotation-driven/>

	<bean class="org.springframework.beans.factory.config.PropertyPlaceholderConfigurer">
	    <property name="ignoreUnresolvablePlaceholders" value="true"/>
	</bean>
	
	<bean class="org.springframework.web.context.support.ServletContextPropertyPlaceholderConfigurer">
	    <property name="systemPropertiesModeName" value="SYSTEM_PROPERTIES_MODE_OVERRIDE"/>
	    <property name="searchContextAttributes" value="true"/>
	    <property name="contextOverride" value="true"/>
	    <property name="ignoreResourceNotFound" value="true"/>
	    <property name="locations">
	        <list>
	            <value>classpath:application.properties</value>
	            <value>file:${applicationConfig}</value>
	        </list>
	    </property>
	</bean>
    
    <bean id="epsosWebApplication" class="se.sb.epsos.web.EpsosWebApplication"/>
    
    <bean id="serviceFacade" class="se.sb.epsos.web.service.mock.NcpServiceFacadeMock"/>

</beans>