<?xml version="1.0" encoding="UTF-8"?>
<beans:beans xmlns="http://www.springframework.org/schema/security"
    xmlns:beans="http://www.springframework.org/schema/beans"
    xmlns:xsi="http://www.w3.org/2001/XMLSchema-instance"
    xsi:schemaLocation="http://www.springframework.org/schema/beans
                    http://www.springframework.org/schema/beans/spring-beans-3.1.xsd
                    http://www.springframework.org/schema/security
                    http://www.springframework.org/schema/security/spring-security-3.1.xsd">

    <http use-expressions="true">
        <intercept-url pattern="/**" access="permitAll" />
		<form-login login-page="/LoginPage" />
		<logout/>
    </http>

    <beans:bean id="simpleUserDetailsService" class="se.sb.epsos.web.auth.SimpleUserDetailsService" > 
    	<beans:property name="usersXML" value="classpath:users.xml"/>
    </beans:bean>
    
    <beans:bean id="daoAuthenticationProvider" class="org.springframework.security.authentication.dao.DaoAuthenticationProvider">
	  <beans:property name="userDetailsService" ref="simpleUserDetailsService"/>
	</beans:bean> 

    <authentication-manager alias="authenticationManager" >
        <authentication-provider ref="daoAuthenticationProvider"/>
    </authentication-manager>
</beans:beans>