<?xml version="1.0" encoding="UTF-8" standalone="yes"?><ClinicalDocument xmlns="urn:hl7-org:v3" xmlns:epsos="urn:epsos-org:ep:medication" xmlns:ext="urn:hl7-EE-DL-Ext:v1" xmlns:mif="urn:hl7-org:v3/mif" xmlns:ns="urn:hl7-org:v3" xmlns:sch="http://www.ascc.net/xml/schematron" xmlns:xsi="http://www.w3.org/2001/XMLSchema-instance" xsi:schemaLocation="urn:hl7-org:v3 http://pub.e-tervis.ee/standards2/Schema/V3/HL7-ORG-V3-2005-NORMATIVE-EE-DL-Ext-V1/infrastructure/cda/CDA_EE01.xsd urn:hl7-EE-DL-Ext:v1 http://pub.e-tervis.ee/standards2/Schema/V3/HL7-ORG-V3-2006-NORMATIVE-EE-DL-Ext-V1/processable/multicacheschemas/POCD_MT00040_EE01_Extension.xsd"><!--header-section--><typeId extension="POCD_HD000040" root="2.16.840.1.113883.1.3"/><templateId root="1.3.6.1.4.1.12559.11.10.1.3.1.1.3"/><templateId root="1.3.6.1.4.1.19376.1.5.3.1.1.1"/><id extension="06082900140.L3" root="2.16.17.710.808.1000.990.1"/><code code="60591-5" displayName="Ιατρικό Ιστορικό Ασθενούς" codeSystem="2.16.840.1.113883.6.1" codeSystemName="LOINC"/><title>Ιατρικό Ιστορικό Ασθενούς</title><effectiveTime value="19700101"/><confidentialityCode code="D" displayName="clinician" codeSystem="2.16.840.1.113883.5.25" codeSystemName="Confidentiality"/><languageCode code="el-GR"/><!--patient-data--><recordTarget><patientRole><id extension="06082900140" root="2.16.17.710.808.1000.990.1"/><addr><streetAddressLine>Α. 78</streetAddressLine><city>ΔΗΜΟΣ Α.</city><postalCode></postalCode><state nullFlavor="UNK"/><country>GR</country></addr><telecom nullFlavor="NI"/><patient><name><family>Κ.</family><given>Π.</given></name><administrativeGenderCode code="F" displayName="Θηλυκό" codeSystem="2.16.840.1.113883.5.1" codeSystemName="AdministrativeGender" codeSystemVersion="913-20091020"/><birthTime value="19290101"/></patient></patientRole></recordTarget><!--patient-data--><!--author-data--><author><time nullFlavor="UNK"/><assignedAuthor><id extension="author.gov.gr" root="2.16.17.710.808.1000.990.1"/><addr><streetAddressLine>Αριστοτέλους 17</streetAddressLine><city>Αθήνα</city><postalCode>10433</postalCode><state nullFlavor="UNK"/><country>GR</country></addr><telecom use="WP" value="tel:+302310444555"/><telecom use="WP" value="mailto:moh@gov.gr"/><assignedPerson><name><family>Υπουργείο Υγείας, Ελληνική Κυβέρνηση</family><given>Υπουργείο Υγείας, Ελληνική Κυβέρνηση</given></name></assignedPerson><representedOrganization><id extension="moh.gov.gr" root="2.16.17.710.808.1000.990.1"/><name>Υπουργείο Υγείας, Ελληνική Κυβέρνηση</name><telecom use="WP" value="tel:+302310444555"/><telecom use="WP" value="mailto:moh@gov.gr"/><addr><streetAddressLine>Αριστοτέλους 17</streetAddressLine><city>Αθήνα</city><postalCode>10433</postalCode><state nullFlavor="UNK"/><country>GR</country></addr></representedOrganization></assignedAuthor></author><!--author-data--><!--custodian-data--><custodian><assignedCustodian><representedCustodianOrganization><id extension="moh.gov.gr" root="2.16.17.710.808.1000.990.1"/><name>Υπουργείο Υγείας, Ελληνική Κυβέρνηση</name><telecom use="WP" value="tel:+302310444555"/><telecom use="WP" value="mailto:moh@gov.gr"/><addr><streetAddressLine>Αριστοτέλους 17</streetAddressLine><city>Αθήνα</city><postalCode>10433</postalCode><state nullFlavor="UNK"/><country>GR</country></addr></representedCustodianOrganization></assignedCustodian></custodian><!--custodian-data--><!--legal-authenticator-data--><legalAuthenticator><time value="20140502"/><signatureCode code="S"/><assignedEntity><id extension="legal.authenticator.gov.gr" root="2.16.17.710.808.1000.990.1"/><addr><streetAddressLine>Αριστοτέλους 17</streetAddressLine><city>Αθήνα</city><postalCode>10433</postalCode><state nullFlavor="UNK"/><country>GR</country></addr><telecom use="WP" value="tel:+302310444555"/><telecom use="WP" value="mailto:moh@gov.gr"/><assignedPerson><name><family>Υπουργείο Υγείας, Ελληνική Κυβέρνηση</family><given>Υπουργείο Υγείας, Ελληνική Κυβέρνηση</given></name></assignedPerson><representedOrganization><id extension="moh.gov.gr" root="2.16.17.710.808.1000.990.1"/><name>Υπουργείο Υγείας, Ελληνική Κυβέρνηση</name><telecom use="WP" value="tel:+302310444555"/><telecom use="WP" value="mailto:moh@gov.gr"/><addr><streetAddressLine>Αριστοτέλους 17</streetAddressLine><city>Αθήνα</city><postalCode>10433</postalCode><state nullFlavor="UNK"/><country>GR</country></addr></representedOrganization></assignedEntity></legalAuthenticator><!--legal-authenticator-data--><!--participant-hcp-organization-data--><participant typeCode="IND"><templateId root="1.3.6.1.4.1.19376.1.5.3.1.2.4"/><functionCode code="PCP" codeSystem="2.16.840.1.113883.5.88" codeSystemName="HL7 ParticipationFunction"/><associatedEntity classCode="PRS"><scopingOrganization><id extension="moh.gov.gr" root="2.16.17.710.808.1000.990.1"/><name>Υπουργείο Υγείας, Ελληνική Κυβέρνηση</name><telecom use="WP" value="tel:+302310444555"/><telecom use="WP" value="mailto:moh@gov.gr"/><addr><streetAddressLine>Αριστοτέλους 17</streetAddressLine><city>Αθήνα</city><postalCode>10433</postalCode><state nullFlavor="UNK"/><country>GR</country></addr></scopingOrganization></associatedEntity></participant><!--participant-hcp-organization-data--><documentationOf><serviceEvent><effectiveTime><high value="20140403"/></effectiveTime></serviceEvent></documentationOf><relatedDocument typeCode="XFRM"><parentDocument><id extension="06082900140." root="2.16.17.710.808.1000.990.1"/></parentDocument></relatedDocument><relatedDocument typeCode="APND"><parentDocument><id extension="06082900140..2" root="2.16.17.710.808.1000.990.1"/></parentDocument></relatedDocument><!--header-section--><!--medical-sections--><component><structuredBody><!--ιστορικό-φαρμακευτικών-δραστικών-ουσιών--><component><section><templateId root="1.3.6.1.4.1.12559.11.10.1.3.1.2.3"/><templateId root="2.16.840.1.113883.10.20.1.8"/><code code="10160-0" displayName="History of medication use" codeSystem="2.16.840.1.113883.6.1" codeSystemName="LOINC"/><title>Ιστορικό Φαρμακευτικών Δραστικών Ουσιών</title><text><table border="1"><tbody><tr><th>Code</th><th>Description</th></tr><tr ID="med.3"><td>C03CA01</td><td>FUROSEMIDE</td></tr><tr ID="med.4"><td>H03AA01</td><td>LEVOTHYROXINE SODIUM</td></tr><tr ID="med.5"><td>N01BB02</td><td>LIDOCAINE HYDROCHLORIDE MONOHYDRATE</td></tr><tr ID="med.2"><td>C03CA01</td><td>FUROSEMIDE</td></tr><tr ID="med.1"><td>A02BC01</td><td>OMEPRAZOLE</td></tr></tbody></table></text><entry typeCode="DRIV"><substanceAdministration classCode="SBADM" moodCode="INT"><templateId root="1.3.6.1.4.1.12559.11.10.1.3.1.3.4"/><templateId root="2.16.840.1.113883.10.20.1.24"/><id extension="med.3" root="2.16.17.710.808.1000.990.1"/><text><reference  value="#med.3"/></text><statusCode code="active"/><effectiveTime xsi:type="IVL_TS"><low value="20140331"/><high nullFlavor="UNK"/></effectiveTime><effectiveTime nullFlavor="UNK" xsi:type="PIVL_TS"><period nullFlavor="UNK"/></effectiveTime><doseQuantity nullFlavor="UNK"/><consumable><manufacturedProduct><templateId root="2.16.840.1.113883.10.20.1.53"/><manufacturedMaterial><code nullFlavor="UNK"/><epsos:ingredient classCode="ACTI"><epsos:quantity><epsos:numerator nullFlavor="NI" xsi:type="epsos:PQ"/><epsos:denominator nullFlavor="NI" xsi:type="epsos:PQ"/></epsos:quantity><epsos:ingredient classCode="MMAT" determinerCode="KIND"><epsos:code code="C03CA01" displayName="φουροσεμίδη" codeSystem="2.16.840.1.113883.6.73" codeSystemName="Anatomical Therapeutic Chemical"/></epsos:ingredient></epsos:ingredient></manufacturedMaterial></manufacturedProduct></consumable></substanceAdministration></entry><entry typeCode="DRIV"><substanceAdministration classCode="SBADM" moodCode="INT"><templateId root="1.3.6.1.4.1.12559.11.10.1.3.1.3.4"/><templateId root="2.16.840.1.113883.10.20.1.24"/><id extension="med.4" root="2.16.17.710.808.1000.990.1"/><text><reference  value="#med.4"/></text><statusCode code="active"/><effectiveTime xsi:type="IVL_TS"><low value="20140331"/><high nullFlavor="UNK"/></effectiveTime><effectiveTime nullFlavor="UNK" xsi:type="PIVL_TS"><period nullFlavor="UNK"/></effectiveTime><doseQuantity nullFlavor="UNK"/><consumable><manufacturedProduct><templateId root="2.16.840.1.113883.10.20.1.53"/><manufacturedMaterial><code nullFlavor="UNK"/><epsos:ingredient classCode="ACTI"><epsos:quantity><epsos:numerator nullFlavor="NI" xsi:type="epsos:PQ"/><epsos:denominator nullFlavor="NI" xsi:type="epsos:PQ"/></epsos:quantity><epsos:ingredient classCode="MMAT" determinerCode="KIND"><epsos:code code="H03AA01" displayName="νατριούχος λεβοθυροξίνη" codeSystem="2.16.840.1.113883.6.73" codeSystemName="Anatomical Therapeutic Chemical"/></epsos:ingredient></epsos:ingredient></manufacturedMaterial></manufacturedProduct></consumable></substanceAdministration></entry><entry typeCode="DRIV"><substanceAdministration classCode="SBADM" moodCode="INT"><templateId root="1.3.6.1.4.1.12559.11.10.1.3.1.3.4"/><templateId root="2.16.840.1.113883.10.20.1.24"/><id extension="med.5" root="2.16.17.710.808.1000.990.1"/><text><reference  value="#med.5"/></text><statusCode code="active"/><effectiveTime xsi:type="IVL_TS"><low value="20140331"/><high nullFlavor="UNK"/></effectiveTime><effectiveTime nullFlavor="UNK" xsi:type="PIVL_TS"><period nullFlavor="UNK"/></effectiveTime><doseQuantity nullFlavor="UNK"/><consumable><manufacturedProduct><templateId root="2.16.840.1.113883.10.20.1.53"/><manufacturedMaterial><code nullFlavor="UNK"/><epsos:ingredient classCode="ACTI"><epsos:quantity><epsos:numerator nullFlavor="NI" xsi:type="epsos:PQ"/><epsos:denominator nullFlavor="NI" xsi:type="epsos:PQ"/></epsos:quantity><epsos:ingredient classCode="MMAT" determinerCode="KIND"><epsos:code code="N01BB02" displayName="λιδοκαϊνη" codeSystem="2.16.840.1.113883.6.73" codeSystemName="Anatomical Therapeutic Chemical"/></epsos:ingredient></epsos:ingredient></manufacturedMaterial></manufacturedProduct></consumable></substanceAdministration></entry><entry typeCode="DRIV"><substanceAdministration classCode="SBADM" moodCode="INT"><templateId root="1.3.6.1.4.1.12559.11.10.1.3.1.3.4"/><templateId root="2.16.840.1.113883.10.20.1.24"/><id extension="med.2" root="2.16.17.710.808.1000.990.1"/><text><reference  value="#med.2"/></text><statusCode code="active"/><effectiveTime xsi:type="IVL_TS"><low value="20140331"/><high nullFlavor="UNK"/></effectiveTime><effectiveTime nullFlavor="UNK" xsi:type="PIVL_TS"><period nullFlavor="UNK"/></effectiveTime><doseQuantity nullFlavor="UNK"/><consumable><manufacturedProduct><templateId root="2.16.840.1.113883.10.20.1.53"/><manufacturedMaterial><code nullFlavor="UNK"/><epsos:ingredient classCode="ACTI"><epsos:quantity><epsos:numerator nullFlavor="NI" xsi:type="epsos:PQ"/><epsos:denominator nullFlavor="NI" xsi:type="epsos:PQ"/></epsos:quantity><epsos:ingredient classCode="MMAT" determinerCode="KIND"><epsos:code code="C03CA01" displayName="φουροσεμίδη" codeSystem="2.16.840.1.113883.6.73" codeSystemName="Anatomical Therapeutic Chemical"/></epsos:ingredient></epsos:ingredient></manufacturedMaterial></manufacturedProduct></consumable></substanceAdministration></entry><entry typeCode="DRIV"><substanceAdministration classCode="SBADM" moodCode="INT"><templateId root="1.3.6.1.4.1.12559.11.10.1.3.1.3.4"/><templateId root="2.16.840.1.113883.10.20.1.24"/><id extension="med.1" root="2.16.17.710.808.1000.990.1"/><text><reference  value="#med.1"/></text><statusCode code="active"/><effectiveTime xsi:type="IVL_TS"><low value="20140331"/><high nullFlavor="UNK"/></effectiveTime><effectiveTime nullFlavor="UNK" xsi:type="PIVL_TS"><period nullFlavor="UNK"/></effectiveTime><doseQuantity nullFlavor="UNK"/><consumable><manufacturedProduct><templateId root="2.16.840.1.113883.10.20.1.53"/><manufacturedMaterial><code nullFlavor="UNK"/><epsos:ingredient classCode="ACTI"><epsos:quantity><epsos:numerator nullFlavor="NI" xsi:type="epsos:PQ"/><epsos:denominator nullFlavor="NI" xsi:type="epsos:PQ"/></epsos:quantity><epsos:ingredient classCode="MMAT" determinerCode="KIND"><epsos:code code="A02BC01" displayName="ομεπραζόλη" codeSystem="2.16.840.1.113883.6.73" codeSystemName="Anatomical Therapeutic Chemical"/></epsos:ingredient></epsos:ingredient></manufacturedMaterial></manufacturedProduct></consumable></substanceAdministration></entry></section></component><!--ιστορικό-φαρμακευτικών-δραστικών-ουσιών--><!--ιστορικό-εγχειρήσεων--><component><section><templateId root="1.3.6.1.4.1.19376.1.5.3.1.3.11"/><templateId root="1.3.6.1.4.1.19376.1.5.3.1.3.12"/><templateId root="2.16.840.1.113883.10.20.1.12"/><code code="47519-4" displayName="History of Procedures" codeSystem="2.16.840.1.113883.6.1" codeSystemName="LOINC"/><title>Ιστορικό Εγχειρήσεων</title><text><table border="1"><tbody><tr><th>Code</th><th>Description</th></tr><tr ID="proc.1"><td>UNK</td><td>UNK</td></tr></tbody></table></text><entry typeCode="DRIV"><procedure classCode="PROC" moodCode="EVN" nullFlavor="NA"><templateId root="1.3.6.1.4.1.19376.1.5.3.1.4.19"/><templateId root="2.16.840.1.113883.10.20.1.29"/><id nullFlavor="NI"/><code nullFlavor="NI"/><text><reference  value="#proc.1"/></text><statusCode nullFlavor="NI"/></procedure></entry></section></component><!--ιστορικό-εγχειρήσεων--><!--ιστορικό-ιατρικών-προβλημάτων--><component><section><templateId root="2.16.840.1.113883.10.20.1.11"/><templateId root="1.3.6.1.4.1.19376.1.5.3.1.3.6"/><code code="11450-4" displayName="Problem list" codeSystem="2.16.840.1.113883.6.1" codeSystemName="LOINC"/><title>Ιστορικό Ιατρικών Προβλημάτων</title><text><table border="1"><tbody><tr><th>Code</th><th>Description</th></tr><tr ID="problem.1"><td>UNK</td><td>UNK</td></tr></tbody></table></text><entry typeCode="DRIV"><act classCode="ACT" moodCode="EVN"><templateId root="2.16.840.1.113883.10.20.1.27"/><templateId root="1.3.6.1.4.1.19376.1.5.3.1.4.5.1"/><templateId root="1.3.6.1.4.1.19376.1.5.3.1.4.5.2"/><id extension="problem.1" root="2.16.17.710.808.1000.990.1"/><code nullFlavor="NA"/><statusCode code="active"/><effectiveTime><low nullFlavor="UNK"/></effectiveTime><entryRelationship inversionInd="false" typeCode="SUBJ"><observation classCode="OBS" moodCode="EVN"><templateId root="2.16.840.1.113883.10.20.1.28"/><templateId root="1.3.6.1.4.1.19376.1.5.3.1.4.5"/><id extension="problem.1.obs.1" root="2.16.17.710.808.1000.990.1"/><code nullFlavor="UNK"/><text><reference  value="#problem.1"/></text><statusCode code="completed"/><effectiveTime><low nullFlavor="UNK"/></effectiveTime><value code="160245001" displayName="Χωρίς πρόβλημα ή αναπηρία στο παρόν" codeSystem="2.16.840.1.113883.6.96" codeSystemName="SNOMED CT" xsi:type="CD"/></observation></entryRelationship></act></entry></section></component><!--ιστορικό-ιατρικών-προβλημάτων--><!--ιστορικό-ιατρικών-εμφυτευμάτων--><component><section><templateId root="2.16.840.1.113883.10.20.1.7"/><templateId root="1.3.6.1.4.1.12559.11.10.1.3.1.2.4"/><templateId root="1.3.6.1.4.1.19376.1.5.3.1.1.5.3.5"/><code code="46264-8" displayName="History of medical device use" codeSystem="2.16.840.1.113883.6.1" codeSystemName="LOINC"/><title>Ιστορικό Ιατρικών Εμφυτευμάτων</title><text><table border="1"><tbody><tr><th>Code</th><th>Description</th></tr><tr ID="dev.1"><td>UNK</td><td>UNK</td></tr></tbody></table></text><entry typeCode="DRIV"><supply classCode="SPLY" moodCode="EVN" nullFlavor="NI"><templateId root="1.3.6.1.4.1.12559.11.10.1.3.1.3.5"/><text><reference  value="#dev.1"/></text><effectiveTime nullFlavor="NI"/><participant typeCode="DEV"><participantRole classCode="MANU"><playingDevice classCode="DEV" determinerCode="INSTANCE"><code nullFlavor="NI"/></playingDevice></participantRole></participant></supply></entry></section></component><!--ιστορικό-ιατρικών-εμφυτευμάτων--><!--ιστορικό-αλλεργιών--><component><section><templateId root="2.16.840.1.113883.10.20.1.2"/><templateId root="1.3.6.1.4.1.19376.1.5.3.1.3.13"/><code code="48765-2" displayName="Allergies, adverse reactions, alerts" codeSystem="2.16.840.1.113883.6.1" codeSystemName="LOINC"/><title>Ιστορικό Αλλεργιών</title><text><table border="1"><tbody><tr><th>Code</th><th>Description</th></tr><tr ID="allergy.1"><td>UNK</td><td>UNK</td></tr></tbody></table></text><entry typeCode="DRIV"><act classCode="ACT" moodCode="EVN"><templateId root="2.16.840.1.113883.10.20.1.27"/><templateId root="1.3.6.1.4.1.19376.1.5.3.1.4.5.1"/><templateId root="1.3.6.1.4.1.19376.1.5.3.1.4.5.3"/><id extension="allergy.1" root="2.16.17.710.808.1000.990.1"/><code nullFlavor="NA"/><statusCode   code="active"/><effectiveTime><low nullFlavor="UNK"/></effectiveTime><entryRelationship inversionInd="false" typeCode="SUBJ"><observation classCode="OBS" moodCode="EVN"><templateId root="2.16.840.1.113883.10.20.1.18"/><templateId root="1.3.6.1.4.1.19376.1.5.3.1.4.6"/><templateId root="1.3.6.1.4.1.19376.1.5.3.1.4.5"/><templateId root="2.16.840.1.113883.10.20.1.28"/><id extension="allergy.1.obs.1" root="2.16.17.710.808.1000.990.1"/><code code="420134006" displayName="Propensity to adverse reactions" codeSystem="2.16.840.1.113883.6.96" codeSystemName="SNOMED CT"/><text><reference  value="#allergy.1"/></text><statusCode code="completed"/><effectiveTime><low nullFlavor="UNK"/></effectiveTime><value code="160244002" displayName="No known allergies" codeSystem="2.16.840.1.113883.6.96" codeSystemName="SNOMED CT" xsi:type="CD"/><participant typeCode="CSM"><participantRole classCode="MANU"><playingEntity classCode="MMAT"><code nullFlavor="UNK"><originalText mediaType="text/xml"><reference value="#allergy.1"/></originalText></code></playingEntity></participantRole></participant></observation></entryRelationship></act></entry></section></component><!--ιστορικό-αλλεργιών--></structuredBody></component><!--medical-sections--></ClinicalDocument>
